-46.6385178215813
16.9517894469994
-4.41436752792974
-43.5716391724167
-85.1082381749659
-9.07565530319623
28.9419313901153
64.2925521474627
-59.0517154610477
65.9935793380203
10.9307114977941
19.490811839562
33.8721840138721
40.4360605154341
-2.59287541516464
-62.1076920320274
20.9094369907536
33.1538263250298
-20.9248426122809
-55.7699083102147
7.02321305411324
3.58659294060892
22.5196240251325
-2.63906225647581
-32.6312236917982
-27.6752783718972
78.7632591414326
-30.0814282215992
-1.85568216068468
13.5777308038303
-13.1486468356325
-23.6333678193613
52.7342228704885
51.9812632929519
-60.5805039166949
86.0358390531179
60.7644015148214
20.0535439443673
-20.8468788457804
-37.1920319954096
-39.1075629663117
18.9404877583105
-40.499335062314
-59.3126485952848
73.8584305060801
-26.0832563171117
29.9552850761319
-25.4212452388355
0.525545815328954
-12.5619157641847
-4.32679778340166
-1.83139912495101
-49.657616140534
-33.631323892406
53.1498574852566
-24.1153605690851
-11.1375601085381
36.3348919023895
0
18.1282019199347
-46.5127153224397
38.6590228955999
54.9854481728506
-61.1334407330997
-8.07603114407804
-23.8228590937677
-2.73422009487483
-72.6533714518478
11.6559840302831
37.7669811751691
9.64268661032186
-57.0446821945307
-20.2545900209497
-18.6532609060503
16.5434101786662
-72.3727745725324
39.5678508013521
45.8456747772477
11.1014296526026
18.387710465915
13.0948278957067
8.78140121365796
73.6293830750913
-47.3103816524468
98.2678019670107
63.028532890117
35.0676515693511
33.889853387679
-60.9360782819021
17.0389487962058
38.9852658062967
38.6651145117316
63.4317218821185
-31.5229512854142
-45.4620799840779
25.1192355911389
-35.6468817480117
9.43650670381722
-45.8839963011211
-60.2123032003288
-58.133827636841
