time elapsed (wall):   133.2956
time running program:  133.1488  (99.89%)
time profiling (est.): 0.1468  (0.11%)
number of calls:       11215


%Time    Sec.     #calls   sec/call  F  name

97.14  129.3392        1  129.339225     main::bubbleSort
 2.39    3.1842        1   3.184191     main::main
 0.11    0.1425    10001   0.000014     Encode::XS::encode
 0.09    0.1247        1   0.124739     Data::Dumper::Dumpxs
 0.02    0.0281        6   0.004677     parent::import
 0.02    0.0259        1   0.025897     Data::Dumper::Dumper
 0.02    0.0258        1   0.025774     Data::Dumper::Dump
 0.02    0.0213        1   0.021286     <anon>:...m/perl5/lib/perl5/Fatal.pm:6
 0.02    0.0205        1   0.020524     <anon>:./sorted.pl:45
 0.01    0.0178        0   0.017819  *  <other>
 0.01    0.0118        1   0.011803     <anon>:./sorted.pl:41
 0.01    0.0112        1   0.011183     <anon>:...4/perl5/PerlIO/encoding.pm:0
 0.01    0.0108        1   0.010837     <anon>:...ux-thread-multi/Encode.pm:56
 0.01    0.0105        1   0.010482     Config::AUTOLOAD
 0.01    0.0088        1   0.008842     <anon>:...l/share/perl5/Data/Lock.pm:7
 0.01    0.0073        1   0.007338     <anon>:...ux-thread-multi/Encode.pm:53
 0.00    0.0066       10   0.000656     DynaLoader::dl_load_file
 0.00    0.0062      170   0.000036     Encode::XS::decode
 0.00    0.0058       51   0.000114     Fatal::_make_fatal
 0.00    0.0057        1   0.005683     <anon>:...m/perl5/lib/perl5/Fatal.pm:9
 0.00    0.0056        1   0.005554     <anon>:.../perl5/lib/perl5/Fatal.pm:20
 0.00    0.0051        1   0.005142     <anon>:...thread-multi/Encode/JP.pm:15
 0.00    0.0049        2   0.002454     <anon>:.../share/perl5/Data/Lock.pm:10
 0.00    0.0048       20   0.000238     Exporter::import
 0.00    0.0046        1   0.004629     <anon>:...hare/perl5/Tie/RefHash.pm:87
 0.00    0.0045        1   0.004502     <anon>:./sorted.pl:18
 0.00    0.0043        1   0.004337     <anon>:./sorted.pl:23
 0.00    0.0039        2   0.001970     autodie::Util::install_subs
 0.00    0.0038       10   0.000376     XSLoader::load
 0.00    0.0037        1   0.003686     <anon>:.../perl5/lib/perl5/Fatal.pm:18
 0.00    0.0035        1   0.003497     <anon>:...l5/Attribute/Handlers.pm:110
 0.00    0.0035        1   0.003485     <anon>:...hare/perl5/Tie/RefHash.pm:74
 0.00    0.0035        1   0.003465     <anon>:...r/share/perl5/English.pm:187
 0.00    0.0033       28   0.000118     constant::import
 0.00    0.0027        1   0.002695     <anon>:...hare/perl5/Tie/RefHash.pm:82
 0.00    0.0024        1   0.002435     <anon>:...ocal/share/perl5/Carp.pm:211
 0.00    0.0024        1   0.002408     <anon>:...ux-thread-multi/Encode.pm:54
 0.00    0.0022        1   0.002235     <anon>:./sorted.pl:39
 0.00    0.0021        4   0.000537     Exporter::export
 0.00    0.0021        1   0.002051     <anon>:./sorted.pl:22
 0.00    0.0020        1   0.002041     <anon>:...usr/lib64/perl5/Config.pm:11
 0.00    0.0020        1   0.002002     Fatal::_compile_wrapper
 0.00    0.0020        1   0.001968     POSIX::load_imports
 0.00    0.0019        1   0.001949     <anon>:...d-multi/Encode/JP/JIS7.pm:25
 0.00    0.0019        1   0.001875     <anon>:/usr/lib64/perl5/POSIX.pm:17
 0.00    0.0018       51   0.000036     Fatal::_make_leak_guard
 0.00    0.0018       53   0.000034     strict::bits
 0.00    0.0017        1   0.001689     autodie::import
 0.00    0.0016        1   0.001649     <anon>:.../lib/perl5/autodie/Util.pm:8
 0.00    0.0014        4   0.000355     Encode::getEncoding
 0.00    0.0014        1   0.001399     Carp::_univ_mod_loaded
 0.00    0.0014        1   0.001392     POSIX::bootstrap
 0.00    0.0014       11   0.000126     Fatal::_expand_tag
 0.00    0.0014       51   0.000027     Tie::RefHash::STORE
 0.00    0.0013        2   0.000656     Encode::find_alias
 0.00    0.0013        1   0.001266     <anon>:...perl5/lib/perl5/autodie.pm:6
 0.00    0.0012        6   0.000197     <anon>:./sorted.pl:0
 0.00    0.0011        1   0.001131     <anon>:...ead-multi/Data/Dumper.pm:763
 0.00    0.0011        1   0.001116     <anon>:...5/lib/perl5/Fatal.pm:1681]:6
 0.00    0.0010        1   0.001001     <anon>:./sorted.pl:28
 0.00    0.0009       51   0.000018     Scalar::Util::set_prototype
 0.00    0.0009        1   0.000923     <anon>:.../share/perl5/Tie/Hash.pm:189
 0.00    0.0009        1   0.000917     Encode::Alias::init_aliases
 0.00    0.0009        3   0.000303     <anon>::
 0.00    0.0009        1   0.000899     PerlIO::import
 0.00    0.0009       33   0.000026     strict::import
 0.00    0.0008       47   0.000018     Encode::Alias::define_alias
 0.00    0.0008        1   0.000822     Fcntl::bootstrap
 0.00    0.0008        3   0.000262     warnings::register_categories
 0.00    0.0008        1   0.000772     <anon>:...utodie/Scope/GuardStack.pm:6
 0.00    0.0006        1   0.000645     <anon>:...usr/lib64/perl5/Errno.pm:177
 0.00    0.0006       11   0.000058     warnings::unimport
 0.00    0.0006       18   0.000034     Encode::define_encoding
 0.00    0.0006       20   0.000029     strict::unimport
 0.00    0.0006       24   0.000024     warnings::import
 0.00    0.0006        1   0.000563     <anon>:...r/share/perl5/English.pm:148
 0.00    0.0005        1   0.000507     List::Util::bootstrap
 0.00    0.0004        1   0.000432     Encode::bootstrap
 0.00    0.0004        1   0.000351     Encode::JP::bootstrap
 0.00    0.0003        1   0.000341     English::import
 0.00    0.0003       10   0.000034     DynaLoader::dl_install_xsub
 0.00    0.0003        4   0.000076     vars::import
 0.00    0.0003        1   0.000290     <anon>:...-thread-multi/Storable.pm:75
 0.00    0.0003        1   0.000287     <anon>:...ocal/share/perl5/Carp.pm:117
 0.00    0.0003        1   0.000274     PerlIO::encoding::bootstrap
 0.00    0.0003        1   0.000273     <anon>:.../local/share/perl5/base.pm:1
 0.00    0.0003        1   0.000252     <anon>:...ocal/share/perl5/Carp.pm:581
 0.00    0.0002        1   0.000233     base::import
 0.00    0.0002        1   0.000232     Encode::onBOOT
 0.00    0.0002        1   0.000231     Tie::Hash::NamedCapture::bootstrap
 0.00    0.0002        1   0.000227     attributes::bootstrap
 0.00    0.0002        1   0.000227     Storable::bootstrap
 0.00    0.0002        4   0.000054     Exporter::as_heavy
 0.00    0.0002        1   0.000188     Fatal::_write_invocation
 0.00    0.0002       51   0.000004     Scalar::Util::refaddr
 0.00    0.0002       51   0.000003     Sub::Util::set_prototype
 0.00    0.0002        1   0.000168     POSIX::import
 0.00    0.0002        1   0.000165     <anon>:...local/share/perl5/Carp.pm:26
 0.00    0.0002        3   0.000052     UNIVERSAL::VERSION
 0.00    0.0001        2   0.000075     Fatal::_one_invocation
 0.00    0.0001       30   0.000005     Internals::SvREADONLY
 0.00    0.0001        1   0.000145     Fatal::_translate_import_args
 0.00    0.0001        1   0.000144     feature::__common
 0.00    0.0001        3   0.000048     Carp::_fetch_sub
 0.00    0.0001        3   0.000047     warnings::register::import
 0.00    0.0001        1   0.000139     attributes::import
 0.00    0.0001        6   0.000023     warnings::_mkMask
 0.00    0.0001        4   0.000033     Config::FETCH
 0.00    0.0001        1   0.000128     Data::Dumper::bootstrap
 0.00    0.0001        4   0.000032     Encode::find_encoding
 0.00    0.0001        1   0.000126     <anon>:...ocal/share/perl5/Carp.pm:146
 0.00    0.0001        4   0.000031     Attribute::Handlers::_gen_handler_AH_
 0.00    0.0001        1   0.000120     warnings::_error_loc
 0.00    0.0001        1   0.000120     <anon>:...m/perl5/lib/perl5/Fatal.pm:5
 0.00    0.0001        1   0.000117     Data::Dumper::new
 0.00    0.0001       10   0.000012     DynaLoader::dl_find_symbol
 0.00    0.0001        1   0.000115     <anon>:...ead-multi/Data/Dumper.pm:278
 0.00    0.0001       28   0.000004     mro::method_changed_in
 0.00    0.0001        1   0.000107     <anon>:...ib/perl5/autodie/Util.pm:130
 0.00    0.0001        2   0.000053     Config::import
 0.00    0.0001        1   0.000106     autodie::Util::fill_protos
 0.00    0.0001        1   0.000099     <anon>:...x-thread-multi/Encode.pm:178
 0.00    0.0001        1   0.000095     <anon>:...read-multi/Scalar/Util.pm:10
 0.00    0.0001        1   0.000092     <anon>:...perl5/lib/perl5/autodie.pm:2
 0.00    0.0001        1   0.000086     Tie::RefHash::TIEHASH
 0.00    0.0001        1   0.000083     <anon>:...ux-thread-multi/Encode.pm:15
 0.00    0.0001        1   0.000080     <anon>:.../share/perl5/Tie/Hash.pm:188
 0.00    0.0001        1   0.000079     <anon>:...thread-multi/Storable.pm:500
 0.00    0.0001        1   0.000077     <anon>:...l/share/perl5/Carp.pm:171]:1
 0.00    0.0001        1   0.000077     <anon>:...l5/Attribute/Handlers.pm:148
 0.00    0.0001        1   0.000076     <anon>:...perl5/lib/perl5/Fatal.pm:588
 0.00    0.0001        1   0.000076     <anon>:...al/share/perl5/constant.pm:2
 0.00    0.0001        1   0.000076     <anon>:...erl5/lib/perl5/Fatal.pm:1678
 0.00    0.0001        1   0.000075     <anon>:.../local/share/perl5/Carp.pm:4
 0.00    0.0001        1   0.000075     <anon>:/usr/share/perl5/vars.pm:3
 0.00    0.0001        1   0.000075     <anon>:...l/share/perl5/Data/Lock.pm:2
 0.00    0.0001        1   0.000073     <anon>:...read-multi/Data/Dumper.pm:39
 0.00    0.0001        1   0.000072     <anon>:...read-multi/Data/Dumper.pm:18
 0.00    0.0001        1   0.000071     <anon>:...ib64/perl5/Config_heavy.pl:6
 0.00    0.0001        1   0.000071     <anon>:...ocal/share/perl5/Carp.pm:188
 0.00    0.0001        1   0.000071     <anon>:...usr/lib64/perl5/POSIX.pm:204
 0.00    0.0001        1   0.000070     warnings::__chk
 0.00    0.0001        1   0.000070     autodie::Util::on_end_of_compile_scope
 0.00    0.0001        1   0.000070     <anon>:...ocal/share/perl5/Carp.pm:730
 0.00    0.0001        2   0.000035     Encode::define_alias
 0.00    0.0001        1   0.000067     <anon>:...d-multi/Encode/JP/JIS7.pm:74
 0.00    0.0001        1   0.000066     <anon>:...hread-multi/Scalar/Util.pm:9
 0.00    0.0001        1   0.000066     <anon>:.../local/share/perl5/Carp.pm:3
 0.00    0.0001        1   0.000066     <anon>:...x-thread-multi/Encode.pm:207
 0.00    0.0001        1   0.000065     <anon>:...erl5/Attribute/Handlers.pm:2
 0.00    0.0001        1   0.000064     <anon>:...-multi/Encode/JP/JIS7.pm:135
 0.00    0.0001        1   0.000064     <anon>:...l/share/perl5/Data/Lock.pm:4
 0.00    0.0001        1   0.000064     <anon>:...-thread-multi/Storable.pm:40
 0.00    0.0001        1   0.000063     <anon>:...ux-thread-multi/Encode.pm:13
 0.00    0.0001        1   0.000063     <anon>:...l/share/perl5/constant.pm:45
 0.00    0.0001        1   0.000062     <anon>:...share/perl5/overloading.pm:2
 0.00    0.0001        1   0.000062     autodie::Scope::GuardStack::push_hook
 0.00    0.0001        1   0.000062     <anon>:...ocal/share/perl5/Carp.pm:256
 0.00    0.0001        1   0.000060     <anon>:/usr/lib64/perl5/Errno.pm:8
 0.00    0.0001        1   0.000059     Tie::StdHash::TIEHASH
 0.00    0.0001        1   0.000059     <anon>:.../perl5/lib/perl5/Fatal.pm:10
 0.00    0.0001        1   0.000058     <anon>:...ead-multi/Encode/Config.pm:7
 0.00    0.0001        2   0.000029     Carp::get_status
 0.00    0.0001        1   0.000057     <anon>:...-thread-multi/List/Util.pm:9
 0.00    0.0001        1   0.000057     <anon>:...l5/Attribute/Handlers.pm:114
 0.00    0.0001        1   0.000056     <anon>:.../lib/perl5/autodie/Util.pm:6
 0.00    0.0001        1   0.000056     Scalar::Util::weaken
 0.00    0.0001        1   0.000055     version::(bool
 0.00    0.0001        1   0.000055     <anon>:...hare/perl5/Tie/RefHash.pm:76
 0.00    0.0001        1   0.000054     <anon>:...sr/share/perl5/English.pm:47
 0.00    0.0001        1   0.000054     <anon>:...perl5/lib/perl5/parent.pm:21
 0.00    0.0001        1   0.000053     <anon>:...thread-multi/Encode/JP.pm:12
 0.00    0.0001        1   0.000053     autodie::Scope::GuardStack::_pop_hook
 0.00    0.0001        1   0.000052     <anon>:...local/share/perl5/Carp.pm:88
 0.00    0.0001        1   0.000052     <anon>:...5/lib/perl5/Fatal.pm:1681]:5
 0.00    0.0001        1   0.000052     <anon>:.../perl5/lib/perl5/parent.pm:2
 0.00    0.0001        1   0.000052     feature::import
 0.00    0.0001        1   0.000051     <anon>:...-thread-multi/Storable.pm:90
 0.00    0.0001        1   0.000051     <anon>:...l5/Attribute/Handlers.pm:199
 0.00    0.0001        2   0.000025     if::unimport
 0.00    0.0000        1   0.000050     <anon>:...erl5/Attribute/Handlers.pm:3
 0.00    0.0000        1   0.000050     <anon>:.../lib64/perl5/attributes.pm:9
 0.00    0.0000        1   0.000050     <anon>:./sorted.pl:88
 0.00    0.0000        1   0.000050     <anon>:...local/share/perl5/Carp.pm:55
 0.00    0.0000        1   0.000050     <anon>:...d-multi/Encode/JP/JIS7.pm:20
 0.00    0.0000        1   0.000049     <anon>:.../lib/perl5/Fatal.pm:1681]:45
 0.00    0.0000        1   0.000049     <anon>:./sorted.pl:15
 0.00    0.0000        1   0.000049     <anon>:...l/share/perl5/constant.pm:40
 0.00    0.0000        1   0.000049     <anon>:...ocal/share/perl5/Carp.pm:744
 0.00    0.0000        1   0.000049     <anon>:...rl5/autodie/Scope/Guard.pm:3
 0.00    0.0000        1   0.000049     <anon>:...are/perl5/Tie/RefHash.pm:107
 0.00    0.0000        1   0.000049     <anon>:...4/perl5/PerlIO/encoding.pm:3
 0.00    0.0000        1   0.000049     <anon>:...ocal/share/perl5/Carp.pm:303
 0.00    0.0000        1   0.000049     <anon>:...local/share/perl5/Carp.pm:68
 0.00    0.0000        2   0.000024     Carp::trusts
 0.00    0.0000        1   0.000048     <anon>:...ti/Encode/CJKConstants.pm:12
 0.00    0.0000        1   0.000048     <anon>:...todie/Scope/GuardStack.pm:50
 0.00    0.0000        1   0.000048     <anon>:...nux-thread-multi/Encode.pm:5
 0.00    0.0000        1   0.000047     <anon>:...perl5/lib/perl5/autodie.pm:3
 0.00    0.0000        1   0.000047     <anon>:...ad-multi/Encode/JP/JIS7.pm:2
 0.00    0.0000        1   0.000047     <anon>:...lti/Encode/CJKConstants.pm:7
 0.00    0.0000        1   0.000046     <anon>:...-thread-multi/Storable.pm:64
 0.00    0.0000        1   0.000046     <anon>:...l5/Attribute/Handlers.pm:215
 0.00    0.0000        1   0.000046     <anon>:...-multi/Encode/MIME/Name.pm:2
 0.00    0.0000        1   0.000046     <anon>:...5/Tie/Hash/NamedCapture.pm:1
 0.00    0.0000        1   0.000046     <anon>:...d-multi/Encode/Encoding.pm:4
 0.00    0.0000        1   0.000046     <anon>:...perl5/lib/perl5/autodie.pm:4
 0.00    0.0000        1   0.000046     <anon>:./sorted.pl:16
 0.00    0.0000        3   0.000015     bytes::import
 0.00    0.0000        1   0.000045     <anon>:.../local/share/perl5/Carp.pm:5
 0.00    0.0000        1   0.000045     <anon>:...read-multi/Data/Dumper.pm:21
 0.00    0.0000        1   0.000045     <anon>:.../lib/perl5/autodie/Util.pm:3
 0.00    0.0000        1   0.000045     <anon>:...ib64/perl5/Config_heavy.pl:5
 0.00    0.0000        1   0.000044     <anon>:...read-multi/Encode/Alias.pm:5
 0.00    0.0000        1   0.000044     <anon>:...read-multi/Encode/Alias.pm:2
 0.00    0.0000        1   0.000044     <anon>:...read-multi/Data/Dumper.pm:23
 0.00    0.0000        1   0.000043     <anon>:/usr/lib64/perl5/POSIX.pm:2
 0.00    0.0000        1   0.000043     <anon>:...l/share/perl5/constant.pm:90
 0.00    0.0000        1   0.000043     <anon>:.../perl5/lib/perl5/Fatal.pm:11
 0.00    0.0000        1   0.000043     autodie::Scope::GuardStack::new
 0.00    0.0000        1   0.000042     <anon>:...l/share/perl5/Data/Lock.pm:3
 0.00    0.0000        1   0.000042     <anon>:...x-thread-multi/Encode.pm:241
 0.00    0.0000        1   0.000042     attributes::_modify_attrs_and_deprecate
 0.00    0.0000        1   0.000042     <anon>:.../share/perl5/Data/Lock.pm:18
 0.00    0.0000        1   0.000041     <anon>:...x-thread-multi/Encode.pm:222
 0.00    0.0000        1   0.000041     <anon>:.../local/share/perl5/base.pm:4
 0.00    0.0000        1   0.000041     <anon>:...-thread-multi/Encode/JP.pm:9
 0.00    0.0000        1   0.000041     <anon>:...-multi/Encode/MIME/Name.pm:3
 0.00    0.0000        1   0.000041     <anon>:.../perl5/lib/perl5/Fatal.pm:22
 0.00    0.0000        1   0.000041     <anon>:/usr/lib64/perl5/Fcntl.pm:58
 0.00    0.0000        1   0.000040     <anon>:...utodie/Scope/GuardStack.pm:3
 0.00    0.0000        1   0.000040     <anon>:...ad-multi/Encode/Alias.pm:111
 0.00    0.0000        1   0.000040     <anon>:...-thread-multi/Encode/JP.pm:7
 0.00    0.0000        1   0.000040     <anon>:...ocal/share/perl5/Carp.pm:751
 0.00    0.0000        1   0.000040     <anon>:...l5/Attribute/Handlers.pm:124
 0.00    0.0000        1   0.000040     <anon>:...ad-multi/Encode/JP/JIS7.pm:6
 0.00    0.0000        1   0.000040     <anon>:...erl5/lib/perl5/autodie.pm:30
 0.00    0.0000        1   0.000040     <anon>:...-multi/Encode/Encoding.pm:14
 0.00    0.0000        1   0.000039     <anon>:...al/share/perl5/constant.pm:3
 0.00    0.0000        1   0.000039     <anon>:...nux-thread-multi/Encode.pm:7
 0.00    0.0000        1   0.000039     <anon>:...read-multi/Encode/Alias.pm:7
 0.00    0.0000        1   0.000039     <anon>:...usr/lib64/perl5/Config.pm:45
 0.00    0.0000        1   0.000038     <anon>:...m/perl5/lib/perl5/Fatal.pm:7
 0.00    0.0000        1   0.000038     <anon>:...d-multi/Encode/Encoding.pm:5
 0.00    0.0000        1   0.000038     overloading::unimport
 0.00    0.0000        1   0.000038     <anon>:...lti/Encode/CJKConstants.pm:8
 0.00    0.0000        1   0.000038     <anon>:...rl5/Attribute/Handlers.pm:15
 0.00    0.0000        1   0.000038     <anon>:.../share/perl5/Data/Lock.pm:20
 0.00    0.0000        1   0.000038     <anon>:/usr/share/perl5/vars.pm:7
 0.00    0.0000        1   0.000038     <anon>:...nux-thread-multi/Encode.pm:6
 0.00    0.0000        1   0.000038     <anon>:...read-multi/Encode/Alias.pm:3
 0.00    0.0000        1   0.000038     <anon>:.../local/share/perl5/base.pm:5
 0.00    0.0000        1   0.000037     <anon>:...thread-multi/List/Util.pm:35
 0.00    0.0000        1   0.000037     <anon>:...ib/perl5/autodie/Util.pm:143
 0.00    0.0000        1   0.000037     <anon>:...erl5/Attribute/Handlers.pm:4
 0.00    0.0000        1   0.000037     autodie::Scope::Guard::new
 0.00    0.0000        1   0.000037     <anon>:.../lib/perl5/Fatal.pm:1681]:46
 0.00    0.0000        1   0.000037     <anon>:...ad-multi/Encode/JP/JIS7.pm:3
 0.00    0.0000        1   0.000036     <anon>:...-thread-multi/Encode/JP.pm:8
 0.00    0.0000        1   0.000036     <anon>:.../share/perl5/constant.pm:141
 0.00    0.0000        1   0.000036     <anon>:/usr/lib64/perl5/Config.pm:9
 0.00    0.0000        1   0.000036     <anon>:...l5/Attribute/Handlers.pm:236
 0.00    0.0000        1   0.000036     <anon>:...ead-multi/Encode/Config.pm:8
 0.00    0.0000        1   0.000036     <anon>:...x-thread-multi/Encode.pm:227
 0.00    0.0000        1   0.000036     <anon>:/usr/lib64/perl5/POSIX.pm:3
 0.00    0.0000        1   0.000036     <anon>:.../perl5/lib/perl5/Fatal.pm:23
 0.00    0.0000        1   0.000036     <anon>:...erl5/Attribute/Handlers.pm:6
 0.00    0.0000        1   0.000036     autodie::Scope::Guard::DESTROY
 0.00    0.0000        1   0.000035     <anon>:...al/share/perl5/constant.pm:4
 0.00    0.0000        1   0.000035     <anon>:...ib64/perl5/Config_heavy.pl:7
 0.00    0.0000        1   0.000035     <anon>:/usr/lib64/perl5/Errno.pm:9
 0.00    0.0000        2   0.000017     Carp::trusts_directly
 0.00    0.0000        1   0.000034     <anon>:...rl5/autodie/Scope/Guard.pm:4
 0.00    0.0000        1   0.000034     <anon>:.../lib/perl5/autodie/Util.pm:4
 0.00    0.0000        1   0.000034     <anon>:/usr/share/perl5/vars.pm:8
 0.00    0.0000        1   0.000034     <anon>:.../perl5/lib/perl5/Fatal.pm:24
 0.00    0.0000        1   0.000033     <anon>:...read-multi/Data/Dumper.pm:14
 0.00    0.0000        1   0.000033     <anon>:...usr/lib64/perl5/Config.pm:10
 0.00    0.0000        1   0.000032     <anon>:.../perl5/lib/perl5/Fatal.pm:35
 0.00    0.0000        1   0.000032     <anon>:...thread-multi/List/Util.pm:10
 0.00    0.0000        1   0.000032     <anon>:...utodie/Scope/GuardStack.pm:4
 0.00    0.0000        1   0.000032     <anon>:...l/share/perl5/constant.pm:65
 0.00    0.0000        1   0.000032     <anon>:...-thread-multi/Encode/JP.pm:6
 0.00    0.0000        1   0.000032     <anon>:...erl5/Attribute/Handlers.pm:5
 0.00    0.0000        1   0.000031     <anon>:.../perl5/lib/perl5/Fatal.pm:27
 0.00    0.0000        1   0.000031     <anon>:.../perl5/lib/perl5/Fatal.pm:41
 0.00    0.0000        1   0.000031     <anon>:.../perl5/lib/perl5/Fatal.pm:47
 0.00    0.0000        1   0.000031     <anon>:.../perl5/lib/perl5/Fatal.pm:34
 0.00    0.0000        1   0.000031     <anon>:...ib/perl5/autodie/Util.pm:145
 0.00    0.0000        1   0.000031     <anon>:...erl5/lib/perl5/autodie.pm:13
 0.00    0.0000        1   0.000031     <anon>:.../perl5/lib/perl5/Fatal.pm:29
 0.00    0.0000        1   0.000031     <anon>:.../perl5/lib/perl5/Fatal.pm:33
 0.00    0.0000        1   0.000031     <anon>:.../perl5/lib/perl5/Fatal.pm:45
 0.00    0.0000        1   0.000031     Errno::TIEHASH
 0.00    0.0000        1   0.000031     <anon>:...m/perl5/lib/perl5/Fatal.pm:8
 0.00    0.0000        1   0.000031     version::(cmp
 0.00    0.0000        1   0.000031     <anon>:.../perl5/lib/perl5/Fatal.pm:56
 0.00    0.0000        1   0.000031     <anon>:.../perl5/lib/perl5/Fatal.pm:28
 0.00    0.0000        1   0.000031     <anon>:.../perl5/lib/perl5/Fatal.pm:36
 0.00    0.0000        1   0.000031     <anon>:.../perl5/lib/perl5/Fatal.pm:32
 0.00    0.0000        1   0.000030     <anon>:.../perl5/lib/perl5/Fatal.pm:37
 0.00    0.0000        1   0.000030     <anon>:.../perl5/lib/perl5/Fatal.pm:38
 0.00    0.0000        1   0.000030     <anon>:.../perl5/lib/perl5/Fatal.pm:43
 0.00    0.0000        1   0.000030     <anon>:.../perl5/lib/perl5/Fatal.pm:39
 0.00    0.0000        1   0.000030     <anon>:...rl5/Attribute/Handlers.pm:17
 0.00    0.0000        1   0.000030     <anon>:.../perl5/lib/perl5/Fatal.pm:49
 0.00    0.0000        1   0.000030     <anon>:...-multi/Encode/Encoding.pm:12
 0.00    0.0000        1   0.000029     <anon>:.../perl5/lib/perl5/Fatal.pm:51
 0.00    0.0000        2   0.000014     Carp::_cgc
 0.00    0.0000        1   0.000027     <anon>:...l/share/perl5/Data/Lock.pm:8
 0.00    0.0000        1   0.000026     Config::TIEHASH
 0.00    0.0000        1   0.000024     utf8::import
 0.00    0.0000        1   0.000024     <anon>:...erl5/lib/perl5/autodie.pm:52
 0.00    0.0000        1   0.000023     <anon>:...-multi/Encode/Encoding.pm:10
 0.00    0.0000        1   0.000021     <anon>:...ux-thread-multi/Encode.pm:17
 0.00    0.0000        1   0.000021     UNIVERSAL::isa
 0.00    0.0000        1   0.000020     <anon>:...-multi/Encode/Encoding.pm:11
 0.00    0.0000        1   0.000020     Data::Dumper::_vstring
 0.00    0.0000        1   0.000020     warnings::_bits
 0.00    0.0000        1   0.000019     warnings::enabled
 0.00    0.0000        1   0.000018     <anon>:...hare/perl5/Tie/RefHash.pm:77
 0.00    0.0000        1   0.000017     Attribute::Handlers::_TEST_::MODIFY_CODE_ATTRIBUTES
 0.00    0.0000        1   0.000014     base::has_fields
 0.00    0.0000        1   0.000014     autodie::Scope::GuardStack::DESTROY
 0.00    0.0000        1   0.000013     Attribute::Handlers::import
 0.00    0.0000        3   0.000004     Encode::XS::renew
 0.00    0.0000        1   0.000011     UNIVERSAL::can
 0.00    0.0000        1   0.000010     utf8::encode
 0.00    0.0000        1   0.000010     base::has_attr
 0.00    0.0000        1   0.000009     attributes::reftype
 0.00    0.0000        1   0.000009     Encode::Alias::undef_aliases
 0.00    0.0000        1   0.000006     attributes::_modify_attrs
 0.00    0.0000        2   0.000003     Encode::PERLQQ
 0.00    0.0000        3   0.000002     Encode::XS::needs_lines
 0.00    0.0000        1   0.000001     Encode::STOP_AT_PARTIAL
-0.00   -0.0000        1  -0.000000     Encode::WARN_ON_ERR
